Build started 02/06/2015 16:30:23.
     1>Project "D:\vncsihl\ultravnc_src_907\UltraVNC Project Root\UltraVNC\setpasswd\setpasswd\setpasswdv12.vcxproj" on node 3 (Rebuild target(s)).
     1>ClCompile:
         C:\Program Files (x86)\Microsoft Visual Studio 12.0\VC\bin\CL.exe /c /Zi /nologo /W3 /WX- /O2 /Oi /Oy- /GL /D WIN32 /D NDEBUG /D _CONSOLE /D _MBCS /Gm- /EHsc /MT /GS /Gy /Qpar /fp:precise /Zc:wchar_t /Zc:forScope /Fo"Release\\" /Fd"Release\vc120.pdb" /Gd /TP /analyze- /errorReport:prompt inifile.cpp setpasswd.cpp stdafx.cpp
         inifile.cpp
     1>inifile.cpp(82): warning C4800: 'BOOL' : forcing value to bool 'true' or 'false' (performance warning)
     1>inifile.cpp(96): warning C4800: 'BOOL' : forcing value to bool 'true' or 'false' (performance warning)
         setpasswd.cpp
     1>setpasswd.cpp(402): warning C4244: 'argument' : conversion from 'time_t' to 'unsigned int', possible loss of data
     1>setpasswd.cpp(419): warning C4996: 'strcpy': This function or variable may be unsafe. Consider using strcpy_s instead. To disable deprecation, use _CRT_SECURE_NO_WARNINGS. See online help for details.
                 C:\Program Files (x86)\Microsoft Visual Studio 12.0\VC\include\string.h(112) : see declaration of 'strcpy'
         stdafx.cpp
       Link:
         C:\Program Files (x86)\Microsoft Visual Studio 12.0\VC\bin\link.exe /ERRORREPORT:PROMPT /OUT:"D:\vncsihl\ultravnc_src_907\UltraVNC Project Root\UltraVNC\winvnc\Release\setpasswd.exe" /INCREMENTAL:NO /NOLOGO kernel32.lib user32.lib gdi32.lib winspool.lib comdlg32.lib advapi32.lib shell32.lib ole32.lib oleaut32.lib uuid.lib odbc32.lib odbccp32.lib /MANIFEST /MANIFESTUAC:"level='asInvoker' uiAccess='false'" /manifest:embed /DEBUG /PDB:"D:\vncsihl\ultravnc_src_907\UltraVNC Project Root\UltraVNC\winvnc\Release\setpasswd.pdb" /SUBSYSTEM:CONSOLE /OPT:REF /OPT:ICF /LTCG /TLBID:1 /DYNAMICBASE /NXCOMPAT /IMPLIB:"D:\vncsihl\ultravnc_src_907\UltraVNC Project Root\UltraVNC\winvnc\Release\setpasswd.lib" /MACHINE:X86 /SAFESEH Release\inifile.obj
         Release\setpasswd.obj
         Release\stdafx.obj
         Generating code
         Finished generating code
         setpasswdv12.vcxproj -> D:\vncsihl\ultravnc_src_907\UltraVNC Project Root\UltraVNC\winvnc\Release\setpasswd.exe
       PostBuildEvent:
         signtool.exe sign /a  /n "uvnc bvba" /v /t http://timestamp.verisign.com/scripts/timstamp.dll "D:\vncsihl\ultravnc_src_907\UltraVNC Project Root\UltraVNC\winvnc\Release\setpasswd.exe"
         :VCEnd
     1>EXEC : SignTool error : No certificates were found that met all the given criteria.
     1>C:\Program Files (x86)\MSBuild\Microsoft.Cpp\v4.0\V120\Microsoft.CppCommon.targets(132,5): error MSB3073: The command "signtool.exe sign /a  /n "uvnc bvba" /v /t http://timestamp.verisign.com/scripts/timstamp.dll "D:\vncsihl\ultravnc_src_907\UltraVNC Project Root\UltraVNC\winvnc\Release\setpasswd.exe"
C:\Program Files (x86)\MSBuild\Microsoft.Cpp\v4.0\V120\Microsoft.CppCommon.targets(132,5): error MSB3073: :VCEnd" exited with code 1.
     1>Done Building Project "D:\vncsihl\ultravnc_src_907\UltraVNC Project Root\UltraVNC\setpasswd\setpasswd\setpasswdv12.vcxproj" (Rebuild target(s)) -- FAILED.

Build FAILED.

Time Elapsed 00:00:03.63
